{"synthetic": false,
 "schemaVersion": "2025-09-10",
 "outputs":
 {"o": ["3d8924e344ebce78.olean"],
  "i": "9592cf3f3e0e0256.ilean",
  "c": "247ce82ea369232e.c"},
 "log":
 [{"message":
   ".> LEAN_PATH=/Users/yibashishuo/Desktop/benchmark construction/jsonTolean-main/.lake/packages/Cli/.lake/build/lib/lean:/Users/yibashishuo/Desktop/benchmark construction/jsonTolean-main/.lake/packages/batteries/.lake/build/lib/lean:/Users/yibashishuo/Desktop/benchmark construction/jsonTolean-main/.lake/packages/Qq/.lake/build/lib/lean:/Users/yibashishuo/Desktop/benchmark construction/jsonTolean-main/.lake/packages/aesop/.lake/build/lib/lean:/Users/yibashishuo/Desktop/benchmark construction/jsonTolean-main/.lake/packages/proofwidgets/.lake/build/lib/lean:/Users/yibashishuo/Desktop/benchmark construction/jsonTolean-main/.lake/packages/importGraph/.lake/build/lib/lean:/Users/yibashishuo/Desktop/benchmark construction/jsonTolean-main/.lake/packages/LeanSearchClient/.lake/build/lib/lean:/Users/yibashishuo/Desktop/benchmark construction/jsonTolean-main/.lake/packages/plausible/.lake/build/lib/lean:/Users/yibashishuo/Desktop/benchmark construction/jsonTolean-main/.lake/packages/mathlib/.lake/build/lib/lean:/Users/yibashishuo/Desktop/benchmark construction/jsonTolean-main/.lake/build/lib/lean /Users/yibashishuo/.elan/toolchains/leanprover--lean4---v4.28.0/bin/lean /Users/yibashishuo/Desktop/benchmark construction/jsonTolean-main/output_lean.lean -o /Users/yibashishuo/Desktop/benchmark construction/jsonTolean-main/.lake/build/lib/lean/output_lean.olean -i /Users/yibashishuo/Desktop/benchmark construction/jsonTolean-main/.lake/build/lib/lean/output_lean.ilean -c /Users/yibashishuo/Desktop/benchmark construction/jsonTolean-main/.lake/build/ir/output_lean.c --setup /Users/yibashishuo/Desktop/benchmark construction/jsonTolean-main/.lake/build/ir/output_lean.setup.json --json",
   "level": "trace"}],
 "inputs":
 [["output_lean:deps",
   [["deps",
     [["output_lean/output_lean:extraDep",
       [["@output_lean:extraDep", "00000000000006bb"]]],
      ["imports", "00000000000006bb"]]],
    ["libs",
     [["import dynlibs", "00000000000006bb"],
      ["package external libraries", "00000000000006bb"],
      ["module dynlibs", "00000000000006bb"],
      ["module plugins", "00000000000006bb"]]]]],
  ["Lean 4.28.0, commit 7e01a1bf5c70fc6167d49c345d3bf80596e9a79b",
   "a96bc04a2e5e9630"],
  ["/Users/yibashishuo/Desktop/benchmark construction/jsonTolean-main/output_lean.lean",
   "0540ab775e86b7d2"],
  ["options",
   [["-DmaxSynthPendingDepth=3", "c78e353d34de85d4"],
    ["-Dweak.linter.mathlibStandardSet=true", "8a155799906f2b42"],
    ["-DrelaxedAutoImplicit=false", "74a2b5546b55be80"],
    ["-Dpp.unicode.fun=true", "9b94070140457fab"]]],
  ["Module.leanArgs: #[]", "00000000000006bb"]],
 "depHash": "62811fac6a1576e0"}