{"synthetic": false,
 "schemaVersion": "2025-09-10",
 "outputs":
 {"o": ["6103c85a9dba45a8.olean"],
  "i": "b68bf02ef5569d5d.ilean",
  "c": "b97e0fc2d68d173f.c"},
 "log":
 [{"message":
   ".> LEAN_PATH=/Users/yibashishuo/Desktop/benchmark construction/jsonTolean-main/.lake/packages/Cli/.lake/build/lib/lean:/Users/yibashishuo/Desktop/benchmark construction/jsonTolean-main/.lake/packages/batteries/.lake/build/lib/lean:/Users/yibashishuo/Desktop/benchmark construction/jsonTolean-main/.lake/packages/Qq/.lake/build/lib/lean:/Users/yibashishuo/Desktop/benchmark construction/jsonTolean-main/.lake/packages/aesop/.lake/build/lib/lean:/Users/yibashishuo/Desktop/benchmark construction/jsonTolean-main/.lake/packages/proofwidgets/.lake/build/lib/lean:/Users/yibashishuo/Desktop/benchmark construction/jsonTolean-main/.lake/packages/importGraph/.lake/build/lib/lean:/Users/yibashishuo/Desktop/benchmark construction/jsonTolean-main/.lake/packages/LeanSearchClient/.lake/build/lib/lean:/Users/yibashishuo/Desktop/benchmark construction/jsonTolean-main/.lake/packages/plausible/.lake/build/lib/lean:/Users/yibashishuo/Desktop/benchmark construction/jsonTolean-main/.lake/packages/mathlib/.lake/build/lib/lean:/Users/yibashishuo/Desktop/benchmark construction/jsonTolean-main/.lake/build/lib/lean /Users/yibashishuo/.elan/toolchains/leanprover--lean4---v4.28.0/bin/lean /Users/yibashishuo/Desktop/benchmark construction/jsonTolean-main/OutputLean.lean -o /Users/yibashishuo/Desktop/benchmark construction/jsonTolean-main/.lake/build/lib/lean/OutputLean.olean -i /Users/yibashishuo/Desktop/benchmark construction/jsonTolean-main/.lake/build/lib/lean/OutputLean.ilean -c /Users/yibashishuo/Desktop/benchmark construction/jsonTolean-main/.lake/build/ir/OutputLean.c --setup /Users/yibashishuo/Desktop/benchmark construction/jsonTolean-main/.lake/build/ir/OutputLean.setup.json --json",
   "level": "trace"}],
 "inputs":
 [["OutputLean:deps",
   [["deps",
     [["output_lean/OutputLean:extraDep",
       [["@output_lean:extraDep", "00000000000006bb"]]],
      ["imports",
       [["OutputLean.Basic transitive imports (legacy)", "00000000000006bb"],
        ["OutputLean.Basic:importAllArts", "66ae439f64687ef7"]]]]],
    ["libs",
     [["import dynlibs", "00000000000006bb"],
      ["package external libraries", "00000000000006bb"],
      ["module dynlibs", "00000000000006bb"],
      ["module plugins", "00000000000006bb"]]]]],
  ["Lean 4.28.0, commit 7e01a1bf5c70fc6167d49c345d3bf80596e9a79b",
   "a96bc04a2e5e9630"],
  ["/Users/yibashishuo/Desktop/benchmark construction/jsonTolean-main/OutputLean.lean",
   "5cdf7610fc306281"],
  ["options",
   [["-DmaxSynthPendingDepth=3", "c78e353d34de85d4"],
    ["-Dweak.linter.mathlibStandardSet=true", "8a155799906f2b42"],
    ["-DrelaxedAutoImplicit=false", "74a2b5546b55be80"],
    ["-Dpp.unicode.fun=true", "9b94070140457fab"]]],
  ["Module.leanArgs: #[]", "00000000000006bb"]],
 "depHash": "98b9c3beeff2c6fd"}